_XSERVTransmkdir: Owner of /tmp/.X11-unix should be set to root

Xvnc TigerVNC 1.5.0 - built Jul 12 2015 15:34:23
Copyright (C) 1999-2015 TigerVNC Team and many others (see README.txt)
See http://www.tigervnc.org for information on TigerVNC.
Underlying X server release 11501000, The X.Org Foundation

Initializing built-in extension VNC-EXTENSION
Initializing built-in extension Generic Event Extension
Initializing built-in extension SHAPE
Initializing built-in extension MIT-SHM
Initializing built-in extension XInputExtension
Initializing built-in extension XTEST
Initializing built-in extension BIG-REQUESTS
Initializing built-in extension SYNC
Initializing built-in extension XKEYBOARD
Initializing built-in extension XC-MISC
Initializing built-in extension SECURITY
Initializing built-in extension XINERAMA
Initializing built-in extension XFIXES
Initializing built-in extension RENDER
Initializing built-in extension RANDR
Initializing built-in extension COMPOSITE
Initializing built-in extension DAMAGE
Initializing built-in extension MIT-SCREEN-SAVER
Initializing built-in extension DOUBLE-BUFFER
Initializing built-in extension RECORD
Initializing built-in extension Present
Initializing built-in extension DRI3
Initializing built-in extension X-Resource
Initializing built-in extension XVideo
Initializing built-in extension XVideo-MotionCompensation
Initializing built-in extension GLX

Wed Dec 19 22:43:51 2018
 vncext:      VNC extension running!
 vncext:      Listening for VNC connections on all interface(s), port 5901
 vncext:      created VNC server for screen 0
/usr/bin/startxfce4: X server already running on display :1
Smart Common Input Method 1.4.14

Launching a SCIM process with x11...
Loading simple Config module ...
Creating backend ...

Wed Dec 19 22:43:56 2018
 Connections: accepted: 192.168.42.2::54188
 SConnection: Client needs protocol version 3.8
 SConnection: Client requests security type VncAuth(2)
 VNCSConnST:  Server default pixel format depth 24 (32bpp) little-endian rgb888
 VNCSConnST:  Client pixel format depth 24 (32bpp) little-endian rgb888
_IceTransmkdir: Owner of /tmp/.ICE-unix should be set to root

(xfsettingsd:88): libupower-glib-WARNING **: Couldn't connect to system bus: Failed to connect to socket /var/run/dbus/system_bus_socket: 没有那个文件或目录

** (xfdesktop:85): WARNING **: Thumbnailer failed calling GetFlavors

(xfsettingsd:88): xfsettingsd-WARNING **: Failed to get the _NET_NUMBER_OF_DESKTOPS property.

Wed Dec 19 23:49:52 2018
 Connections: closed: 192.168.42.2::54188 (Clean disconnection)
 EncodeManager: Framebuffer updates: 3427
 EncodeManager:   RRE:
 EncodeManager:     Solid: 304 rects, 3.03862 Mpixels
 EncodeManager:            5.9375 KiB (1:1999.69 ratio)
 EncodeManager:   ZRLE:
 EncodeManager:     Bitmap RLE: 359 rects, 723.308 kpixels
 EncodeManager:                 10.7822 KiB (1:262.435 ratio)
 EncodeManager:     Indexed RLE: 759 rects, 6.79087 Mpixels
 EncodeManager:                  175.377 KiB (1:151.307 ratio)
 EncodeManager:     Full Colour: 5.015 krects, 57.4796 Mpixels
 EncodeManager:                  10.2078 MiB (1:21.4859 ratio)
 EncodeManager:   Total: 6.437 krects, 68.0324 Mpixels
 EncodeManager:          10.3954 MiB (1:24.9722 ratio)

Wed Dec 19 23:51:01 2018
 Connections: accepted: 192.168.42.2::55142
 SConnection: Client needs protocol version 3.8
 SConnection: Client requests security type VncAuth(2)
 VNCSConnST:  Server default pixel format depth 24 (32bpp) little-endian rgb888
 VNCSConnST:  Client pixel format depth 24 (32bpp) little-endian rgb888

(xfce4-terminal:156): Gdk-CRITICAL **: IA__gdk_window_get_window_type: assertion 'GDK_IS_WINDOW (window)' failed

Thu Dec 20 00:39:00 2018
 Connections: closed: 192.168.42.2::55142 (Clean disconnection)
 EncodeManager: Framebuffer updates: 4600
 EncodeManager:   RRE:
 EncodeManager:     Solid: 306 rects, 328.135 kpixels
 EncodeManager:            5.97656 KiB (1:215.067 ratio)
 EncodeManager:   ZRLE:
 EncodeManager:     Bitmap RLE: 427 rects, 291.373 kpixels
 EncodeManager:                 11.8818 KiB (1:96.2124 ratio)
 EncodeManager:     Indexed RLE: 1.093 krects, 6.02062 Mpixels
 EncodeManager:                  255.933 KiB (1:91.9416 ratio)
 EncodeManager:     Full Colour: 5.893 krects, 64.6314 Mpixels
 EncodeManager:                  10.4798 MiB (1:23.5325 ratio)
 EncodeManager:   Total: 7.719 krects, 71.2715 Mpixels
 EncodeManager:          10.7472 MiB (1:25.3059 ratio)

Thu Dec 20 00:39:02 2018
 Connections: accepted: 192.168.42.2::55898
 SConnection: Client needs protocol version 3.8
 SConnection: Client requests security type VncAuth(2)
 VNCSConnST:  Server default pixel format depth 24 (32bpp) little-endian rgb888
 VNCSConnST:  Client pixel format depth 24 (32bpp) little-endian rgb888
